0 info it worked if it ends with ok
1 verbose cli [ 'D:\\Program Files\\nodejs\\node.exe',
1 verbose cli   'C:\\Users\\MQ\\AppData\\Roaming\\npm\\node_modules\\npm\\bin\\npm-cli.js',
1 verbose cli   'run',
1 verbose cli   'dev' ]
2 info using npm@4.1.2
3 info using node@v8.10.0
4 verbose run-script [ 'predev', 'dev', 'postdev' ]
5 info lifecycle hadsen@1.0.0~predev: hadsen@1.0.0
6 silly lifecycle hadsen@1.0.0~predev: no script for predev, continuing
7 info lifecycle hadsen@1.0.0~dev: hadsen@1.0.0
8 verbose lifecycle hadsen@1.0.0~dev: unsafe-perm in lifecycle true
9 verbose lifecycle hadsen@1.0.0~dev: PATH: C:\Users\MQ\AppData\Roaming\npm\node_modules\npm\bin\node-gyp-bin;D:\web\Hadsen\node_modules\.bin;C:\ProgramData\Oracle\Java\javapath;C:\Windows\System32;C:\Windows;C:\Windows\System32\wbem;C:\Windows\System32\WindowsPowerShell\v1.0\;C:\Program Files\Microsoft\Web Platform Installer\;C:\Program Files (x86)\Microsoft ASP.NET\ASP.NET Web Pages\v1.0\;C:\Program Files\Microsoft SQL Server\110\Tools\Binn\;C:\WINDOWS\system32\config\systemprofile\.dnx\bin;C:\Program Files\Microsoft DNX\Dnvm\;"C:\Program Files\Java\jdk1.8.0_151\bin";D:\Program Files\nodejs\;D:\Program Files\Python\Python36-32\Scripts\;D:\Program Files\Python\Python36-32\;C:\Users\MQ\AppData\Local\Microsoft\WindowsApps;;d:\Program Files (x86)\Microsoft VS Code\bin;C:\Users\MQ\AppData\Roaming\npm
10 verbose lifecycle hadsen@1.0.0~dev: CWD: D:\web\Hadsen
11 silly lifecycle hadsen@1.0.0~dev: Args: [ '/d /s /c', 'webpack --progress --colors --watch' ]
12 silly lifecycle hadsen@1.0.0~dev: Returned: code: 3221225786  signal: null
13 info lifecycle hadsen@1.0.0~dev: Failed to exec dev script
14 verbose stack Error: hadsen@1.0.0 dev: `webpack --progress --colors --watch`
14 verbose stack Exit status 3221225786
14 verbose stack     at EventEmitter.<anonymous> (C:\Users\MQ\AppData\Roaming\npm\node_modules\npm\lib\utils\lifecycle.js:279:16)
14 verbose stack     at emitTwo (events.js:126:13)
14 verbose stack     at EventEmitter.emit (events.js:214:7)
14 verbose stack     at ChildProcess.<anonymous> (C:\Users\MQ\AppData\Roaming\npm\node_modules\npm\lib\utils\spawn.js:40:14)
14 verbose stack     at emitTwo (events.js:126:13)
14 verbose stack     at ChildProcess.emit (events.js:214:7)
14 verbose stack     at maybeClose (internal/child_process.js:925:16)
14 verbose stack     at Process.ChildProcess._handle.onexit (internal/child_process.js:209:5)
15 verbose pkgid hadsen@1.0.0
16 verbose cwd D:\web\Hadsen
17 error Windows_NT 10.0.16299
18 error argv "D:\\Program Files\\nodejs\\node.exe" "C:\\Users\\MQ\\AppData\\Roaming\\npm\\node_modules\\npm\\bin\\npm-cli.js" "run" "dev"
19 error node v8.10.0
20 error npm  v4.1.2
21 error code ELIFECYCLE
22 error hadsen@1.0.0 dev: `webpack --progress --colors --watch`
22 error Exit status 3221225786
23 error Failed at the hadsen@1.0.0 dev script 'webpack --progress --colors --watch'.
23 error Make sure you have the latest version of node.js and npm installed.
23 error If you do, this is most likely a problem with the hadsen package,
23 error not with npm itself.
23 error Tell the author that this fails on your system:
23 error     webpack --progress --colors --watch
23 error You can get information on how to open an issue for this project with:
23 error     npm bugs hadsen
23 error Or if that isn't available, you can get their info via:
23 error     npm owner ls hadsen
23 error There is likely additional logging output above.
24 verbose exit [ 1, true ]
